<?xml version="1.0" encoding="UTF-8"?>
<testng-results ignored="0" total="11" passed="11" failed="0" skipped="0">
  <reporter-output>
  </reporter-output>
  <suite started-at="2024-06-14T23:55:33 IST" name="Test Suite for Buildout" finished-at="2024-06-14T23:56:28 IST" duration-ms="55516">
    <groups>
    </groups>
    <test started-at="2024-06-14T23:55:33 IST" name="Test Cases for Buildout" finished-at="2024-06-14T23:56:28 IST" duration-ms="55516">
      <class name="demo.TestCases">
        <test-method is-config="true" signature="startBrowser()[pri:0, instance:demo.TestCases@16fdec90]" started-at="2024-06-14T23:55:33 IST" name="startBrowser" finished-at="2024-06-14T23:55:35 IST" duration-ms="2438" status="PASS">
          <reporter-output>
          </reporter-output>
        </test-method> <!-- startBrowser -->
        <test-method signature="testCase01()[pri:0, instance:demo.TestCases@16fdec90]" started-at="2024-06-14T23:55:35 IST" name="testCase01" finished-at="2024-06-14T23:55:42 IST" duration-ms="6302" status="PASS">
          <reporter-output>
          </reporter-output>
        </test-method> <!-- testCase01 -->
        <test-method signature="testCase02()[pri:0, instance:demo.TestCases@16fdec90]" started-at="2024-06-14T23:55:42 IST" name="testCase02" finished-at="2024-06-14T23:55:47 IST" duration-ms="5112" status="PASS">
          <reporter-output>
          </reporter-output>
        </test-method> <!-- testCase02 -->
        <test-method signature="testCase03()[pri:0, instance:demo.TestCases@16fdec90]" started-at="2024-06-14T23:55:47 IST" name="testCase03" finished-at="2024-06-14T23:55:52 IST" duration-ms="5183" status="PASS">
          <reporter-output>
          </reporter-output>
        </test-method> <!-- testCase03 -->
        <test-method signature="testCase04()[pri:0, instance:demo.TestCases@16fdec90]" started-at="2024-06-14T23:55:52 IST" name="testCase04" finished-at="2024-06-14T23:55:55 IST" duration-ms="3144" status="PASS">
          <reporter-output>
          </reporter-output>
        </test-method> <!-- testCase04 -->
        <test-method signature="testCase05()[pri:0, instance:demo.TestCases@16fdec90]" started-at="2024-06-14T23:55:55 IST" name="testCase05" finished-at="2024-06-14T23:56:04 IST" duration-ms="9359" status="PASS">
          <reporter-output>
          </reporter-output>
        </test-method> <!-- testCase05 -->
        <test-method signature="testCase06()[pri:0, instance:demo.TestCases@16fdec90]" started-at="2024-06-14T23:56:04 IST" name="testCase06" finished-at="2024-06-14T23:56:08 IST" duration-ms="3145" status="PASS">
          <reporter-output>
          </reporter-output>
        </test-method> <!-- testCase06 -->
        <test-method signature="testCase07()[pri:0, instance:demo.TestCases@16fdec90]" started-at="2024-06-14T23:56:08 IST" name="testCase07" finished-at="2024-06-14T23:56:23 IST" duration-ms="15093" status="PASS">
          <reporter-output>
          </reporter-output>
        </test-method> <!-- testCase07 -->
        <test-method signature="testCase08()[pri:0, instance:demo.TestCases@16fdec90]" started-at="2024-06-14T23:56:23 IST" name="testCase08" finished-at="2024-06-14T23:56:23 IST" duration-ms="127" status="PASS">
          <reporter-output>
          </reporter-output>
        </test-method> <!-- testCase08 -->
        <test-method signature="testCase09()[pri:0, instance:demo.TestCases@16fdec90]" started-at="2024-06-14T23:56:23 IST" name="testCase09" finished-at="2024-06-14T23:56:25 IST" duration-ms="2067" status="PASS">
          <reporter-output>
          </reporter-output>
        </test-method> <!-- testCase09 -->
        <test-method signature="testCase10()[pri:0, instance:demo.TestCases@16fdec90]" started-at="2024-06-14T23:56:25 IST" name="testCase10" finished-at="2024-06-14T23:56:28 IST" duration-ms="2752" status="PASS">
          <reporter-output>
          </reporter-output>
        </test-method> <!-- testCase10 -->
        <test-method signature="testCase11()[pri:0, instance:demo.TestCases@16fdec90]" started-at="2024-06-14T23:56:28 IST" name="testCase11" finished-at="2024-06-14T23:56:28 IST" duration-ms="35" status="PASS">
          <reporter-output>
          </reporter-output>
        </test-method> <!-- testCase11 -->
        <test-method is-config="true" signature="endTest()[pri:0, instance:demo.TestCases@16fdec90]" started-at="2024-06-14T23:56:28 IST" name="endTest" finished-at="2024-06-14T23:56:28 IST" duration-ms="714" status="PASS">
          <reporter-output>
          </reporter-output>
        </test-method> <!-- endTest -->
      </class> <!-- demo.TestCases -->
    </test> <!-- Test Cases for Buildout -->
  </suite> <!-- Test Suite for Buildout -->
</testng-results>
